C:\USERS\CHRIS\DROPBOX\ADVENTURE\ADVENTURE\DEBUG\ADV_ONCLEANUP.OBJ
C:\USERS\CHRIS\DROPBOX\ADVENTURE\ADVENTURE\DEBUG\ADV_ONEVENT.OBJ
C:\USERS\CHRIS\DROPBOX\ADVENTURE\ADVENTURE\DEBUG\ADV_ONINIT.OBJ
C:\USERS\CHRIS\DROPBOX\ADVENTURE\ADVENTURE\DEBUG\ADV_ONLOOP.OBJ
C:\USERS\CHRIS\DROPBOX\ADVENTURE\ADVENTURE\DEBUG\ADV_ONRENDER.OBJ
C:\Users\Chris\Dropbox\Adventure\Adventure\Debug\Adventure.exe.intermediate.manifest
C:\Users\Chris\Dropbox\Adventure\Adventure\Debug\Adventure.pdb
C:\USERS\CHRIS\DROPBOX\ADVENTURE\ADVENTURE\DEBUG\ADVENTURE-MAIN.OBJ
C:\USERS\CHRIS\DROPBOX\ADVENTURE\ADVENTURE\DEBUG\CACTION.OBJ
C:\USERS\CHRIS\DROPBOX\ADVENTURE\ADVENTURE\DEBUG\CACTIONLISTCONTROL.OBJ
C:\USERS\CHRIS\DROPBOX\ADVENTURE\ADVENTURE\DEBUG\CANIMATE.OBJ
C:\USERS\CHRIS\DROPBOX\ADVENTURE\ADVENTURE\DEBUG\CAREA.OBJ
C:\USERS\CHRIS\DROPBOX\ADVENTURE\ADVENTURE\DEBUG\CCAMERA.OBJ
C:\USERS\CHRIS\DROPBOX\ADVENTURE\ADVENTURE\DEBUG\CENEMY.OBJ
C:\USERS\CHRIS\DROPBOX\ADVENTURE\ADVENTURE\DEBUG\CENTITY.OBJ
C:\USERS\CHRIS\DROPBOX\ADVENTURE\ADVENTURE\DEBUG\CEVENT.OBJ
C:\USERS\CHRIS\DROPBOX\ADVENTURE\ADVENTURE\DEBUG\CFPS.OBJ
C:\USERS\CHRIS\DROPBOX\ADVENTURE\ADVENTURE\DEBUG\CINVENTORY.OBJ
C:\USERS\CHRIS\DROPBOX\ADVENTURE\ADVENTURE\DEBUG\CITEM.OBJ
C:\Users\Chris\Dropbox\Adventure\Adventure\Debug\cl.command.1.tlog
C:\Users\Chris\Dropbox\Adventure\Adventure\Debug\CL.read.1.tlog
C:\Users\Chris\Dropbox\Adventure\Adventure\Debug\CL.write.1.tlog
C:\USERS\CHRIS\DROPBOX\ADVENTURE\ADVENTURE\DEBUG\CMAP.OBJ
C:\USERS\CHRIS\DROPBOX\ADVENTURE\ADVENTURE\DEBUG\CMENU.OBJ
C:\USERS\CHRIS\DROPBOX\ADVENTURE\ADVENTURE\DEBUG\CMESSAGE.OBJ
C:\USERS\CHRIS\DROPBOX\ADVENTURE\ADVENTURE\DEBUG\CPLAYER.OBJ
C:\USERS\CHRIS\DROPBOX\ADVENTURE\ADVENTURE\DEBUG\CSURFACE.OBJ
C:\USERS\CHRIS\DROPBOX\ADVENTURE\ADVENTURE\DEBUG\CTARGETING.OBJ
C:\USERS\CHRIS\DROPBOX\ADVENTURE\ADVENTURE\DEBUG\CTEXT.OBJ
C:\USERS\CHRIS\DROPBOX\ADVENTURE\ADVENTURE\DEBUG\GFXMODE.OBJ
C:\Users\Chris\Dropbox\Adventure\Adventure\Debug\link.command.1.tlog
C:\Users\Chris\Dropbox\Adventure\Adventure\Debug\link.read.1.tlog
C:\Users\Chris\Dropbox\Adventure\Adventure\Debug\link.write.1.tlog
C:\USERS\CHRIS\DROPBOX\ADVENTURE\ADVENTURE\DEBUG\MTILE.OBJ
C:\USERS\CHRIS\DROPBOX\ADVENTURE\ADVENTURE\DEBUG\SITEM.OBJ
C:\Users\Chris\Dropbox\Adventure\Adventure\Debug\vc100.idb
C:\USERS\CHRIS\DROPBOX\ADVENTURE\ADVENTURE\DEBUG\VC100.PDB
